<?xml version="1.0" encoding="UTF-8"?>
<testng-results skipped="0" failed="0" ignored="5" total="6" passed="1">
  <reporter-output>
  </reporter-output>
  <suite name="Default suite" duration-ms="25429" started-at="2020-04-29T06:59:59Z" finished-at="2020-04-29T07:00:25Z">
    <groups>
    </groups>
    <test name="Default test" duration-ms="25429" started-at="2020-04-29T06:59:59Z" finished-at="2020-04-29T07:00:25Z">
      <class name="edu.testcase.XuanxuanPageTest">
        <test-method status="PASS" signature="setup()[pri:0, instance:edu.testcase.XuanxuanPageTest@39aeed2f]" name="setup" is-config="true" duration-ms="20804" started-at="2020-04-29T06:59:59Z" finished-at="2020-04-29T07:00:20Z">
          <reporter-output>
          </reporter-output>
        </test-method> <!-- setup -->
        <test-method status="PASS" signature="testcreateManychat()[pri:0, instance:edu.testcase.XuanxuanPageTest@39aeed2f]" name="testcreateManychat" duration-ms="4602" started-at="2020-04-29T07:00:20Z" finished-at="2020-04-29T07:00:25Z">
          <reporter-output>
          </reporter-output>
        </test-method> <!-- testcreateManychat -->
      </class> <!-- edu.testcase.XuanxuanPageTest -->
    </test> <!-- Default test -->
  </suite> <!-- Default suite -->
</testng-results>
