<?xml version="1.0" encoding="UTF-8"?>
<!-- Generated by org.testng.reporters.JUnitXMLReporter -->
<testsuite hostname="许许许" ignored="5" name="Default test" tests="1" failures="0" timestamp="29 四月 2020 07:00:25 GMT" time="25.429" errors="0">
  <testcase name="testcreateManychat" time="4.602" classname="edu.testcase.XuanxuanPageTest"/>
  <testcase name="testsendChat" time="0.0" classname="edu.testcase.XuanxuanPageTest">
    <ignored/>
  </testcase> <!-- testsendChat -->
  <testcase name="testcreateChat" time="0.0" classname="edu.testcase.XuanxuanPageTest">
    <ignored/>
  </testcase> <!-- testcreateChat -->
  <testcase name="testloginSuccess" time="0.0" classname="edu.testcase.XuanxuanPageTest">
    <ignored/>
  </testcase> <!-- testloginSuccess -->
  <testcase name="testloginFail" time="0.0" classname="edu.testcase.XuanxuanPageTest">
    <ignored/>
  </testcase> <!-- testloginFail -->
  <testcase name="testchoiceAndcancle" time="0.0" classname="edu.testcase.XuanxuanPageTest">
    <ignored/>
  </testcase> <!-- testchoiceAndcancle -->
</testsuite> <!-- Default test -->
