<?xml version="1.0" encoding="UTF-8"?>
<!-- Generated by org.testng.reporters.JUnitXMLReporter -->
<testsuite hostname="DESKTOP-RJC4851" ignored="17" name="Default test" tests="1" failures="1" timestamp="29 四月 2020 09:34:09 GMT" time="25.689" errors="0">
  <testcase name="exit" time="3.191" classname="testcases.HomePageTest">
    <failure type="org.openqa.selenium.InvalidSelectorException" message="Locator Strategy &amp;apos;link text&amp;apos; is not supported for this session
For documentation on this error, please visit: https://www.seleniumhq.org/exceptions/invalid_selector_exception.html
Build info: version: &amp;apos;3.141.59&amp;apos;, revision: &amp;apos;e82be7d358&amp;apos;, time: &amp;apos;2018-11-14T08:25:53&amp;apos;
System info: host: &amp;apos;DESKTOP-RJC4851&amp;apos;, ip: &amp;apos;192.168.56.1&amp;apos;, os.name: &amp;apos;Windows 10&amp;apos;, os.arch: &amp;apos;amd64&amp;apos;, os.version: &amp;apos;10.0&amp;apos;, java.version: &amp;apos;1.8.0_202&amp;apos;
Driver info: io.appium.java_client.android.AndroidDriver
Capabilities {appActivity: .MainActivity, appPackage: com.cnezsoft.xxm, databaseEnabled: false, desired: {appActivity: .MainActivity, appPackage: com.cnezsoft.xxm, deviceName: 2dea82a4, noReset: true, platformName: android}, deviceApiLevel: 28, deviceManufacturer: Xiaomi, deviceModel: MI 8 Lite, deviceName: 2dea82a4, deviceScreenDensity: 440, deviceScreenSize: 1080x2280, deviceUDID: 2dea82a4, javascriptEnabled: true, locationContextEnabled: false, networkConnectionEnabled: true, noReset: true, pixelRatio: 2.75, platform: LINUX, platformName: Android, platformVersion: 9, statBarHeight: 82, takesScreenshot: true, viewportRect: {height: 1986, left: 0, top: 82, width: 1080}, warnings: {}, webStorageEnabled: false}
Session ID: e8782c8d-35ae-46e8-98d1-375ec62b1632
*** Element info: {Using=link text, value=确认}">
      <![CDATA[org.openqa.selenium.InvalidSelectorException: Locator Strategy 'link text' is not supported for this session
For documentation on this error, please visit: https://www.seleniumhq.org/exceptions/invalid_selector_exception.html
Build info: version: '3.141.59', revision: 'e82be7d358', time: '2018-11-14T08:25:53'
System info: host: 'DESKTOP-RJC4851', ip: '192.168.56.1', os.name: 'Windows 10', os.arch: 'amd64', os.version: '10.0', java.version: '1.8.0_202'
Driver info: io.appium.java_client.android.AndroidDriver
Capabilities {appActivity: .MainActivity, appPackage: com.cnezsoft.xxm, databaseEnabled: false, desired: {appActivity: .MainActivity, appPackage: com.cnezsoft.xxm, deviceName: 2dea82a4, noReset: true, platformName: android}, deviceApiLevel: 28, deviceManufacturer: Xiaomi, deviceModel: MI 8 Lite, deviceName: 2dea82a4, deviceScreenDensity: 440, deviceScreenSize: 1080x2280, deviceUDID: 2dea82a4, javascriptEnabled: true, locationContextEnabled: false, networkConnectionEnabled: true, noReset: true, pixelRatio: 2.75, platform: LINUX, platformName: Android, platformVersion: 9, statBarHeight: 82, takesScreenshot: true, viewportRect: {height: 1986, left: 0, top: 82, width: 1080}, warnings: {}, webStorageEnabled: false}
Session ID: e8782c8d-35ae-46e8-98d1-375ec62b1632
*** Element info: {Using=link text, value=确认}
at sun.reflect.NativeConstructorAccessorImpl.newInstance0(Native Method)
at sun.reflect.NativeConstructorAccessorImpl.newInstance(Unknown Source)
at sun.reflect.DelegatingConstructorAccessorImpl.newInstance(Unknown Source)
at java.lang.reflect.Constructor.newInstance(Unknown Source)
at org.openqa.selenium.remote.http.W3CHttpResponseCodec.createException(W3CHttpResponseCodec.java:187)
at org.openqa.selenium.remote.http.W3CHttpResponseCodec.decode(W3CHttpResponseCodec.java:122)
at org.openqa.selenium.remote.http.W3CHttpResponseCodec.decode(W3CHttpResponseCodec.java:49)
at org.openqa.selenium.remote.HttpCommandExecutor.execute(HttpCommandExecutor.java:158)
at io.appium.java_client.remote.AppiumCommandExecutor.execute(AppiumCommandExecutor.java:239)
at org.openqa.selenium.remote.RemoteWebDriver.execute(RemoteWebDriver.java:552)
at io.appium.java_client.DefaultGenericMobileDriver.execute(DefaultGenericMobileDriver.java:41)
at io.appium.java_client.AppiumDriver.execute(AppiumDriver.java:1)
at io.appium.java_client.android.AndroidDriver.execute(AndroidDriver.java:1)
at org.openqa.selenium.remote.RemoteWebDriver.findElement(RemoteWebDriver.java:323)
at io.appium.java_client.DefaultGenericMobileDriver.findElement(DefaultGenericMobileDriver.java:61)
at io.appium.java_client.AppiumDriver.findElement(AppiumDriver.java:1)
at io.appium.java_client.android.AndroidDriver.findElement(AndroidDriver.java:1)
at org.openqa.selenium.remote.RemoteWebDriver.findElementByLinkText(RemoteWebDriver.java:380)
at io.appium.java_client.DefaultGenericMobileDriver.findElementByLinkText(DefaultGenericMobileDriver.java:78)
at io.appium.java_client.AppiumDriver.findElementByLinkText(AppiumDriver.java:1)
at io.appium.java_client.android.AndroidDriver.findElementByLinkText(AndroidDriver.java:1)
at pages.HomePage.exit1(HomePage.java:278)
at testcases.HomePageTest.exit(HomePageTest.java:126)
at sun.reflect.NativeMethodAccessorImpl.invoke0(Native Method)
at sun.reflect.NativeMethodAccessorImpl.invoke(Unknown Source)
at sun.reflect.DelegatingMethodAccessorImpl.invoke(Unknown Source)
at java.lang.reflect.Method.invoke(Unknown Source)
at org.testng.internal.MethodInvocationHelper.invokeMethod(MethodInvocationHelper.java:124)
at org.testng.internal.Invoker.invokeMethod(Invoker.java:583)
at org.testng.internal.Invoker.invokeTestMethod(Invoker.java:719)
at org.testng.internal.Invoker.invokeTestMethods(Invoker.java:989)
at org.testng.internal.TestMethodWorker.invokeTestMethods(TestMethodWorker.java:125)
at org.testng.internal.TestMethodWorker.run(TestMethodWorker.java:109)
at org.testng.TestRunner.privateRun(TestRunner.java:648)
at org.testng.TestRunner.run(TestRunner.java:505)
at org.testng.SuiteRunner.runTest(SuiteRunner.java:455)
at org.testng.SuiteRunner.runSequentially(SuiteRunner.java:450)
at org.testng.SuiteRunner.privateRun(SuiteRunner.java:415)
at org.testng.SuiteRunner.run(SuiteRunner.java:364)
at org.testng.SuiteRunnerWorker.runSuite(SuiteRunnerWorker.java:52)
at org.testng.SuiteRunnerWorker.run(SuiteRunnerWorker.java:84)
at org.testng.TestNG.runSuitesSequentially(TestNG.java:1208)
at org.testng.TestNG.runSuitesLocally(TestNG.java:1137)
at org.testng.TestNG.runSuites(TestNG.java:1049)
at org.testng.TestNG.run(TestNG.java:1017)
at org.testng.remote.AbstractRemoteTestNG.run(AbstractRemoteTestNG.java:115)
at org.testng.remote.RemoteTestNG.initAndRun(RemoteTestNG.java:251)
at org.testng.remote.RemoteTestNG.main(RemoteTestNG.java:77)
]]>
    </failure>
  </testcase> <!-- exit -->
  <testcase name="talk_message" time="0.0" classname="testcases.HomePageTest">
    <ignored/>
  </testcase> <!-- talk_message -->
  <testcase name="talk_creatgroupchat1" time="0.0" classname="testcases.HomePageTest">
    <ignored/>
  </testcase> <!-- talk_creatgroupchat1 -->
  <testcase name="noliaison_col" time="0.0" classname="testcases.HomePageTest">
    <ignored/>
  </testcase> <!-- noliaison_col -->
  <testcase name="talk_creatgroupchat2" time="0.0" classname="testcases.HomePageTest">
    <ignored/>
  </testcase> <!-- talk_creatgroupchat2 -->
  <testcase name="group3" time="0.0" classname="testcases.HomePageTest">
    <ignored/>
  </testcase> <!-- group3 -->
  <testcase name="group4" time="0.0" classname="testcases.HomePageTest">
    <ignored/>
  </testcase> <!-- group4 -->
  <testcase name="mine1" time="0.0" classname="testcases.HomePageTest">
    <ignored/>
  </testcase> <!-- mine1 -->
  <testcase name="mine2" time="0.0" classname="testcases.HomePageTest">
    <ignored/>
  </testcase> <!-- mine2 -->
  <testcase name="group2" time="0.0" classname="testcases.HomePageTest">
    <ignored/>
  </testcase> <!-- group2 -->
  <testcase name="talk2" time="0.0" classname="testcases.HomePageTest">
    <ignored/>
  </testcase> <!-- talk2 -->
  <testcase name="group1" time="0.0" classname="testcases.HomePageTest">
    <ignored/>
  </testcase> <!-- group1 -->
  <testcase name="talk_liaison" time="0.0" classname="testcases.HomePageTest">
    <ignored/>
  </testcase> <!-- talk_liaison -->
  <testcase name="talk3" time="0.0" classname="testcases.HomePageTest">
    <ignored/>
  </testcase> <!-- talk3 -->
  <testcase name="talk1" time="0.0" classname="testcases.HomePageTest">
    <ignored/>
  </testcase> <!-- talk1 -->
  <testcase name="talk_creatgroupchat3" time="0.0" classname="testcases.HomePageTest">
    <ignored/>
  </testcase> <!-- talk_creatgroupchat3 -->
  <testcase name="liaison_col" time="0.0" classname="testcases.HomePageTest">
    <ignored/>
  </testcase> <!-- liaison_col -->
  <testcase name="talk4_share" time="0.0" classname="testcases.HomePageTest">
    <ignored/>
  </testcase> <!-- talk4_share -->
</testsuite> <!-- Default test -->
